10/16/2025 9:50:32 AM	This log contains information about the import schema operation into project 'eCommerceDM' on computer 'RC-08029' by user 'suprajabommisetty'.
10/16/2025 9:50:32 AM	Import of database schema has started.
10/16/2025 9:50:46 AM	Gathering database credentials
10/16/2025 9:50:46 AM	Gathering database options
10/16/2025 9:50:46 AM	Gathering generic database scoped configuration option
10/16/2025 9:50:46 AM	Gathering users
10/16/2025 9:50:46 AM	Gathering roles
10/16/2025 9:50:46 AM	Gathering application roles
10/16/2025 9:50:46 AM	Gathering role memberships
10/16/2025 9:50:46 AM	Gathering filegroups
10/16/2025 9:50:46 AM	Gathering full-text catalogs
10/16/2025 9:50:46 AM	Gathering assemblies
10/16/2025 9:50:46 AM	Gathering certificates
10/16/2025 9:50:46 AM	Gathering asymmetric keys
10/16/2025 9:50:46 AM	Gathering symmetric keys
10/16/2025 9:50:46 AM	Gathering encrypted symmetric keys
10/16/2025 9:50:46 AM	Gathering schemas
10/16/2025 9:50:46 AM	Gathering XML schema collections
10/16/2025 9:50:46 AM	Gathering user-defined data types
10/16/2025 9:50:46 AM	Gathering user-defined types
10/16/2025 9:50:46 AM	Gathering table types
10/16/2025 9:50:46 AM	Gathering unique keys for table types
10/16/2025 9:50:46 AM	Gathering primary keys for table types
10/16/2025 9:50:47 AM	Gathering indexes for table types
10/16/2025 9:50:47 AM	Gathering check constraints for table types
10/16/2025 9:50:47 AM	Gathering default constraints for table types
10/16/2025 9:50:47 AM	Gathering partition functions
10/16/2025 9:50:47 AM	Gathering partition schemes
10/16/2025 9:50:47 AM	Gathering functions
10/16/2025 9:50:47 AM	Gathering encrypted functions
10/16/2025 9:50:47 AM	Gathering aggregates
10/16/2025 9:50:47 AM	Gathering procedures
10/16/2025 9:50:47 AM	Gathering encrypted procedures
10/16/2025 9:50:47 AM	Gathering tables
10/16/2025 9:50:47 AM	Gathering primary keys
10/16/2025 9:50:47 AM	Gathering unique constraints
10/16/2025 9:50:47 AM	Gathering foreign keys
10/16/2025 9:50:47 AM	Gathering default constraints
10/16/2025 9:50:47 AM	Gathering check constraints
10/16/2025 9:50:47 AM	Gathering views
10/16/2025 9:50:47 AM	Gathering encrypted views
10/16/2025 9:50:47 AM	Gathering indexes
10/16/2025 9:50:47 AM	Gathering statistics
10/16/2025 9:50:47 AM	Gathering full-text index stoplists
10/16/2025 9:50:47 AM	Gathering search property lists
10/16/2025 9:50:47 AM	Gathering search properties
10/16/2025 9:50:47 AM	Gathering full-text indexes
10/16/2025 9:50:47 AM	Gathering column store indexes
10/16/2025 9:50:47 AM	Gathering spatial indexes
10/16/2025 9:50:47 AM	Gathering XML indexes
10/16/2025 9:50:47 AM	Gathering Selective XML indexes
10/16/2025 9:50:47 AM	Gathering encrypted triggers
10/16/2025 9:50:47 AM	Gathering triggers
10/16/2025 9:50:47 AM	Gathering encrypted and clr ddl triggers
10/16/2025 9:50:47 AM	Gathering ddl triggers
10/16/2025 9:50:47 AM	Creating edge constraints
10/16/2025 9:50:47 AM	Gathering synonyms
10/16/2025 9:50:47 AM	Gathering defaults
10/16/2025 9:50:47 AM	Gathering data constraint uddt bindings
10/16/2025 9:50:47 AM	Gathering rules
10/16/2025 9:50:47 AM	Gathering data constraint uddt bindings
10/16/2025 9:50:47 AM	Gathering message types
10/16/2025 9:50:47 AM	Gathering queues
10/16/2025 9:50:47 AM	Gathering contracts
10/16/2025 9:50:47 AM	Gathering services
10/16/2025 9:50:47 AM	Gathering event notifications
10/16/2025 9:50:47 AM	Gathering remote service bindings
10/16/2025 9:50:47 AM	Gathering broker priorities
10/16/2025 9:50:47 AM	Gathering signatures
10/16/2025 9:50:47 AM	Gathering compression options
10/16/2025 9:50:47 AM	Gathering sequence types
10/16/2025 9:50:47 AM	Gathering security policies
10/16/2025 9:50:47 AM	Gather column encryption keys
10/16/2025 9:50:47 AM	Gathering column master keys
10/16/2025 9:50:47 AM	Gathering external data sources
10/16/2025 9:50:47 AM	Gathering external file formats
10/16/2025 9:50:47 AM	Gathering external tables
10/16/2025 9:50:47 AM	Gathering XML index compression options
10/16/2025 9:50:47 AM	Gathering extended properties
10/16/2025 9:50:47 AM	Gathering assemblies
10/16/2025 9:50:47 AM	Gathering credentials
10/16/2025 9:50:47 AM	Gathering logins
10/16/2025 9:50:47 AM	Gathering server audits
10/16/2025 9:50:48 AM	Scanning project for duplicate elements
10/16/2025 9:50:48 AM	Finished duplicate element processing
10/16/2025 9:50:48 AM	Finished importing database.
10/16/2025 9:50:48 AM	A summary of the import was saved to the following location: C:\eCommerceSales\eCommerceDM\Import Schema Logs\eCommerceDM_20251016042032.log
10/16/2025 9:50:48 AM	Click Finish to continue...
