10/15/2025 5:17:34 PM	This log contains information about the import schema operation into project 'eCommerceStaging' on computer 'RC-08029' by user 'suprajabommisetty'.
10/15/2025 5:17:34 PM	Import of database schema has started.
10/15/2025 5:17:45 PM	Gathering database credentials
10/15/2025 5:17:45 PM	Gathering database options
10/15/2025 5:17:45 PM	Gathering generic database scoped configuration option
10/15/2025 5:17:45 PM	Gathering users
10/15/2025 5:17:45 PM	Gathering roles
10/15/2025 5:17:45 PM	Gathering application roles
10/15/2025 5:17:45 PM	Gathering role memberships
10/15/2025 5:17:45 PM	Gathering filegroups
10/15/2025 5:17:45 PM	Gathering full-text catalogs
10/15/2025 5:17:45 PM	Gathering assemblies
10/15/2025 5:17:45 PM	Gathering certificates
10/15/2025 5:17:45 PM	Gathering asymmetric keys
10/15/2025 5:17:45 PM	Gathering symmetric keys
10/15/2025 5:17:45 PM	Gathering encrypted symmetric keys
10/15/2025 5:17:45 PM	Gathering schemas
10/15/2025 5:17:45 PM	Gathering XML schema collections
10/15/2025 5:17:45 PM	Gathering user-defined data types
10/15/2025 5:17:45 PM	Gathering user-defined types
10/15/2025 5:17:45 PM	Gathering table types
10/15/2025 5:17:45 PM	Gathering unique keys for table types
10/15/2025 5:17:45 PM	Gathering primary keys for table types
10/15/2025 5:17:46 PM	Gathering indexes for table types
10/15/2025 5:17:46 PM	Gathering check constraints for table types
10/15/2025 5:17:46 PM	Gathering default constraints for table types
10/15/2025 5:17:46 PM	Gathering partition functions
10/15/2025 5:17:46 PM	Gathering partition schemes
10/15/2025 5:17:46 PM	Gathering functions
10/15/2025 5:17:46 PM	Gathering encrypted functions
10/15/2025 5:17:46 PM	Gathering aggregates
10/15/2025 5:17:46 PM	Gathering procedures
10/15/2025 5:17:46 PM	Gathering encrypted procedures
10/15/2025 5:17:46 PM	Gathering tables
10/15/2025 5:17:46 PM	Gathering primary keys
10/15/2025 5:17:46 PM	Gathering unique constraints
10/15/2025 5:17:46 PM	Gathering foreign keys
10/15/2025 5:17:46 PM	Gathering default constraints
10/15/2025 5:17:46 PM	Gathering check constraints
10/15/2025 5:17:46 PM	Gathering views
10/15/2025 5:17:46 PM	Gathering encrypted views
10/15/2025 5:17:46 PM	Gathering indexes
10/15/2025 5:17:46 PM	Gathering statistics
10/15/2025 5:17:46 PM	Gathering full-text index stoplists
10/15/2025 5:17:46 PM	Gathering search property lists
10/15/2025 5:17:46 PM	Gathering search properties
10/15/2025 5:17:46 PM	Gathering full-text indexes
10/15/2025 5:17:46 PM	Gathering column store indexes
10/15/2025 5:17:46 PM	Gathering spatial indexes
10/15/2025 5:17:46 PM	Gathering XML indexes
10/15/2025 5:17:46 PM	Gathering Selective XML indexes
10/15/2025 5:17:46 PM	Gathering encrypted triggers
10/15/2025 5:17:46 PM	Gathering triggers
10/15/2025 5:17:46 PM	Gathering encrypted and clr ddl triggers
10/15/2025 5:17:46 PM	Gathering ddl triggers
10/15/2025 5:17:46 PM	Creating edge constraints
10/15/2025 5:17:46 PM	Gathering synonyms
10/15/2025 5:17:46 PM	Gathering defaults
10/15/2025 5:17:46 PM	Gathering data constraint uddt bindings
10/15/2025 5:17:46 PM	Gathering rules
10/15/2025 5:17:46 PM	Gathering data constraint uddt bindings
10/15/2025 5:17:46 PM	Gathering message types
10/15/2025 5:17:46 PM	Gathering queues
10/15/2025 5:17:46 PM	Gathering contracts
10/15/2025 5:17:46 PM	Gathering services
10/15/2025 5:17:46 PM	Gathering event notifications
10/15/2025 5:17:46 PM	Gathering remote service bindings
10/15/2025 5:17:46 PM	Gathering broker priorities
10/15/2025 5:17:46 PM	Gathering signatures
10/15/2025 5:17:46 PM	Gathering compression options
10/15/2025 5:17:46 PM	Gathering sequence types
10/15/2025 5:17:46 PM	Gathering security policies
10/15/2025 5:17:46 PM	Gather column encryption keys
10/15/2025 5:17:46 PM	Gathering column master keys
10/15/2025 5:17:46 PM	Gathering external data sources
10/15/2025 5:17:46 PM	Gathering external file formats
10/15/2025 5:17:46 PM	Gathering external tables
10/15/2025 5:17:46 PM	Gathering XML index compression options
10/15/2025 5:17:46 PM	Gathering extended properties
10/15/2025 5:17:46 PM	Gathering assemblies
10/15/2025 5:17:46 PM	Gathering credentials
10/15/2025 5:17:46 PM	Gathering logins
10/15/2025 5:17:46 PM	Gathering server audits
10/15/2025 5:17:46 PM	Scanning project for duplicate elements
10/15/2025 5:17:46 PM	Finished duplicate element processing
10/15/2025 5:17:47 PM	Finished importing database.
10/15/2025 5:17:47 PM	A summary of the import was saved to the following location: C:\eCommerceSales\eCommerceStaging\Import Schema Logs\eCommerceStaging_20251015114734.log
10/15/2025 5:17:47 PM	Click Finish to continue...
